0 info it worked if it ends with ok
1 verbose cli [ '/usr/bin/nodejs', '/usr/bin/npm', 'run', 'start-dev' ]
2 info using npm@1.4.21
3 info using node@v0.10.29
4 verbose run-script [ 'prestart-dev', 'start-dev', 'poststart-dev' ]
5 info prestart-dev node-rad-kit@0.0.1
6 info start-dev node-rad-kit@0.0.1
7 verbose unsafe-perm in lifecycle true
8 info node-rad-kit@0.0.1 Failed to exec start-dev script
9 error node-rad-kit@0.0.1 start-dev: `node ci `
9 error Exit status 8
10 error Failed at the node-rad-kit@0.0.1 start-dev script.
10 error This is most likely a problem with the node-rad-kit package,
10 error not with npm itself.
10 error Tell the author that this fails on your system:
10 error     node ci
10 error You can get their info via:
10 error     npm owner ls node-rad-kit
10 error There is likely additional logging output above.
11 error System Linux 3.16.0-29-generic
12 error command "/usr/bin/nodejs" "/usr/bin/npm" "run" "start-dev"
13 error cwd /home/gaetano/Projects/reactPack
14 error node -v v0.10.29
15 error npm -v 1.4.21
16 error code ELIFECYCLE
17 verbose exit [ 1, true ]
